\BOOKMARK [0][-]{section*.2}{Mapeamento Cl\341ssico-Qu\342ntico - Estudando o Emaranhamento Qu\342ntico simulando Modelos Cl\341ssicos para o Modelo de Ising}{}% 2
\BOOKMARK [1][-]{section*.1}{Resumo}{section*.2}% 1
\BOOKMARK [1][-]{section*.3}{Contents}{section*.2}% 3
\BOOKMARK [1][-]{section*.4}{Introdu\347\343o}{section*.2}% 4
\BOOKMARK [2][-]{section*.5}{Contextualiza\347\343o}{section*.4}% 5
\BOOKMARK [2][-]{section*.6}{Objetivo}{section*.4}% 6
\BOOKMARK [1][-]{section*.7}{Teoria e Metodologia}{section*.2}% 7
\BOOKMARK [2][-]{section*.8}{O Modelo Cl\341ssico e o Modelo Qu\342ntico de Ising}{section*.7}% 8
\BOOKMARK [2][-]{section*.9}{Vari\341veis Termodin\342micas e Mec\342nica Estat\355stica}{section*.7}% 9
\BOOKMARK [2][-]{section*.10}{Amostrando-se o Espa\347o de Fase e Calculando-se M\351dias}{section*.7}% 10
\BOOKMARK [2][-]{section*.11}{Monte Carlo e o algoritmo de Metropolis}{section*.7}% 11
\BOOKMARK [2][-]{section*.12}{Simula\347\343o via Monte Carlo - C\341lculo dos Observ\341veis Cl\341ssicos}{section*.7}% 12
\BOOKMARK [2][-]{section*.13}{Mapeamento de observ\341veis qu\342nticos}{section*.7}% 13
\BOOKMARK [2][-]{section*.14}{Vantagens do C\341lculo de Observ\341veis Qu\342nticos via Modelo Cl\341ssico}{section*.7}% 14
\BOOKMARK [1][-]{section*.15}{Resultados}{section*.2}% 15
\BOOKMARK [2][-]{section*.16}{Observ\341veis Cl\341ssicos para o Modelo Isotr\363pico}{section*.15}% 16
\BOOKMARK [2][-]{section*.17}{Observ\341veis Qu\342nticos - Modelo Cl\341ssico Anisotr\363pico}{section*.15}% 17
\BOOKMARK [1][-]{section*.18}{Conclus\343o}{section*.2}% 18
\BOOKMARK [1][-]{section*.18}{Refer\352ncias}{section*.2}% 19
\BOOKMARK [1][-]{section*.19}{Refer\352ncias}{section*.2}% 20
